\BOOKMARK [0][-]{section*.2}{On the properties of projectile motion and quadratic air resistance}{}% 2
\BOOKMARK [1][-]{section*.1}{Abstract}{section*.2}% 1
\BOOKMARK [1][-]{section*.3}{Introduction}{section*.2}% 3
\BOOKMARK [1][-]{section*.4}{Trajectory}{section*.2}% 4
\BOOKMARK [2][-]{section*.5}{Acceleration}{section*.4}% 5
\BOOKMARK [2][-]{section*.6}{Velocity}{section*.4}% 6
\BOOKMARK [2][-]{section*.7}{Position}{section*.4}% 7
\BOOKMARK [2][-]{section*.8}{Parabola}{section*.4}% 8
\BOOKMARK [1][-]{section*.9}{Properties of a projectile parabola}{section*.2}% 9
\BOOKMARK [2][-]{section*.10}{Time to highest point}{section*.9}% 10
\BOOKMARK [2][-]{section*.11}{Highest point}{section*.9}% 11
\BOOKMARK [2][-]{section*.12}{Range of projectile}{section*.9}% 12
\BOOKMARK [2][-]{section*.13}{Optimal angle for maximum range}{section*.9}% 13
\BOOKMARK [2][-]{section*.14}{Velocity at a given time}{section*.9}% 14
\BOOKMARK [2][-]{section*.15}{Angle of impact}{section*.9}% 15
\BOOKMARK [1][-]{section*.16}{Choosing initial values to match result values}{section*.2}% 16
\BOOKMARK [2][-]{section*.17}{Delimitations}{section*.16}% 17
\BOOKMARK [2][-]{section*.18}{Specific projectile range}{section*.16}% 18
\BOOKMARK [2][-]{section*.19}{Hitting a specific coordinate}{section*.16}% 19
\BOOKMARK [3][-]{section*.20}{Predetermined speed}{section*.19}% 20
\BOOKMARK [3][-]{section*.21}{Predetermined angle}{section*.19}% 21
\BOOKMARK [1][-]{section*.22}{Longest parabola starting at height}{section*.2}% 22
\BOOKMARK [2][-]{section*.23}{Expression for range}{section*.22}% 23
\BOOKMARK [2][-]{section*.24}{Algorithm}{section*.22}% 24
\BOOKMARK [1][-]{section*.25}{Computational approach to air resistance}{section*.2}% 25
\BOOKMARK [2][-]{section*.26}{Change at every time interval}{section*.25}% 26
\BOOKMARK [2][-]{section*.27}{Algorithm}{section*.25}% 27
\BOOKMARK [1][-]{section*.28}{Analytical solution to one-dimensional air resistance}{section*.2}% 28
\BOOKMARK [2][-]{section*.29}{Derivation}{section*.28}% 29
\BOOKMARK [3][-]{section*.30}{Position as a function of time}{section*.29}% 30
\BOOKMARK [3][-]{section*.31}{Determining the duration of the fall}{section*.29}% 31
\BOOKMARK [3][-]{section*.32}{Terminal velocity}{section*.29}% 32
\BOOKMARK [2][-]{section*.33}{Plots}{section*.28}% 33
\BOOKMARK [3][-]{section*.34}{Examples}{section*.33}% 34
\BOOKMARK [3][-]{section*.35}{Analysis}{section*.33}% 35
\BOOKMARK [1][-]{section*.36}{Analytical approximations to two-dimensional air resistance}{section*.2}% 36
\BOOKMARK [2][-]{section*.37}{Introduction}{section*.36}% 37
\BOOKMARK [2][-]{section*.38}{Low Angle Trajectory approximation}{section*.36}% 38
\BOOKMARK [3][-]{section*.39}{Differential equations of motion}{section*.38}% 39
\BOOKMARK [3][-]{section*.40}{Velocity}{section*.38}% 40
\BOOKMARK [3][-]{section*.41}{Position}{section*.38}% 41
\BOOKMARK [3][-]{section*.42}{Equations of motion}{section*.38}% 42
\BOOKMARK [2][-]{section*.43}{High Angle Trajectory approximation}{section*.36}% 43
\BOOKMARK [3][-]{section*.44}{Differential equations of motion}{section*.43}% 44
\BOOKMARK [3][-]{section*.45}{Ascending velocity}{section*.43}% 45
\BOOKMARK [3][-]{section*.46}{Ascending position}{section*.43}% 46
\BOOKMARK [3][-]{section*.47}{Descending velocity}{section*.43}% 47
\BOOKMARK [3][-]{section*.48}{Descending position}{section*.43}% 48
\BOOKMARK [3][-]{section*.49}{Equations of motion}{section*.43}% 49
\BOOKMARK [2][-]{section*.50}{Split Angle Trajectory approximation}{section*.36}% 50
\BOOKMARK [3][-]{section*.51}{Differential equations of motion}{section*.50}% 51
\BOOKMARK [3][-]{section*.52}{Equations of motion}{section*.50}% 52
\BOOKMARK [1][-]{section*.53}{Experiment}{section*.2}% 53
\BOOKMARK [2][-]{section*.54}{Setup}{section*.53}% 54
\BOOKMARK [2][-]{section*.55}{Results}{section*.53}% 55
\BOOKMARK [2][-]{section*.57}{Analysis}{section*.53}% 56
\BOOKMARK [1][-]{section*.58}{Further reading}{section*.2}% 57
